<?xml version="1.0" encoding="UTF-8"?>
<!-- Generated by org.testng.reporters.JUnitXMLReporter -->
<testsuite hostname="MMs-MacBook-Air.home" ignored="0" name="Command line test" tests="8" failures="1" timestamp="11 Apr 2020 11:29:40 GMT" time="226.534" errors="0">
  <testcase name="getTitle" time="0.274" classname="Test.ShoppingTest"/>
  <testcase name="getTitle" time="0.031" classname="Test.VerizoanMainPageTest"/>
  <testcase name="getTitle" time="20.448" classname="Test.FeaturesTest">
    <failure type="org.openqa.selenium.TimeoutException" message="Expected condition failed: waiting for title to contain &amp;quot;Apple iPhone 11: Colors, Cameras &amp;amp; More | Buy Today at Verizon&amp;quot;. Current title: &amp;quot;New Apple iPhone 11 - 6 Cool Colors &amp;amp; Dual Camera | Best Price&amp;quot; (tried for 20 second(s) with 500 milliseconds interval)
Build info: version: &amp;apos;3.141.59&amp;apos;, revision: &amp;apos;e82be7d358&amp;apos;, time: &amp;apos;2018-11-14T08:17:03&amp;apos;
System info: host: &amp;apos;MMs-MacBook-Air.home&amp;apos;, ip: &amp;apos;fe80:0:0:0:1c3c:8d66:c35e:c464%en0&amp;apos;, os.name: &amp;apos;Mac OS X&amp;apos;, os.arch: &amp;apos;x86_64&amp;apos;, os.version: &amp;apos;10.15.3&amp;apos;, java.version: &amp;apos;1.8.0_221&amp;apos;
Driver info: org.openqa.selenium.chrome.ChromeDriver
Capabilities {acceptInsecureCerts: false, browserName: chrome, browserVersion: 80.0.3987.163, chrome: {chromedriverVersion: 79.0.3945.36 (3582db32b3389..., userDataDir: /var/folders/rl/g1v1d8vn2cs...}, goog:chromeOptions: {debuggerAddress: localhost:55866}, javascriptEnabled: true, networkConnectionEnabled: false, pageLoadStrategy: normal, platform: MAC, platformName: MAC, proxy: Proxy(), setWindowRect: true, strictFileInteractability: false, timeouts: {implicit: 0, pageLoad: 300000, script: 30000}, unhandledPromptBehavior: dismiss and notify}
Session ID: 64a63c3c9c808ef3feabefcaf21fad53">
      <![CDATA[org.openqa.selenium.TimeoutException: Expected condition failed: waiting for title to contain "Apple iPhone 11: Colors, Cameras & More | Buy Today at Verizon". Current title: "New Apple iPhone 11 - 6 Cool Colors & Dual Camera | Best Price" (tried for 20 second(s) with 500 milliseconds interval)
Build info: version: '3.141.59', revision: 'e82be7d358', time: '2018-11-14T08:17:03'
System info: host: 'MMs-MacBook-Air.home', ip: 'fe80:0:0:0:1c3c:8d66:c35e:c464%en0', os.name: 'Mac OS X', os.arch: 'x86_64', os.version: '10.15.3', java.version: '1.8.0_221'
Driver info: org.openqa.selenium.chrome.ChromeDriver
Capabilities {acceptInsecureCerts: false, browserName: chrome, browserVersion: 80.0.3987.163, chrome: {chromedriverVersion: 79.0.3945.36 (3582db32b3389..., userDataDir: /var/folders/rl/g1v1d8vn2cs...}, goog:chromeOptions: {debuggerAddress: localhost:55866}, javascriptEnabled: true, networkConnectionEnabled: false, pageLoadStrategy: normal, platform: MAC, platformName: MAC, proxy: Proxy(), setWindowRect: true, strictFileInteractability: false, timeouts: {implicit: 0, pageLoad: 300000, script: 30000}, unhandledPromptBehavior: dismiss and notify}
Session ID: 64a63c3c9c808ef3feabefcaf21fad53
at org.openqa.selenium.support.ui.WebDriverWait.timeoutException(WebDriverWait.java:95)
at org.openqa.selenium.support.ui.FluentWait.until(FluentWait.java:272)
at Utilities.ElementUtil.waitForGetPageTitle(ElementUtil.java:111)
at Pages.Features.getFeaturesTitle(Features.java:32)
at Test.FeaturesTest.getTitle(FeaturesTest.java:42)
... Removed 35 stack frames]]>
    </failure>
  </testcase> <!-- getTitle -->
  <testcase name="getTitle" time="0.166" classname="Test.CustomizeTest"/>
  <testcase name="doSendAndClik" time="7.809" classname="Test.ShoppingTest"/>
  <testcase name="doSendAndClik" time="8.544" classname="Test.VerizoanMainPageTest"/>
  <testcase name="doSendAndClik" time="17.104" classname="Test.FeaturesTest"/>
  <testcase name="doSendAndClik" time="9.579" classname="Test.CustomizeTest"/>
</testsuite> <!-- Command line test -->
